Line 17: Class MSDataGridLib.DataGrid of control DataGrid1 was not a loaded control class.
Line 82: Class MSAdodcLib.Adodc of control Adodc1 was not a loaded control class.
Line 128: Class XtremeSuiteControls.PushButton of control PushButton3 was not a loaded control class.
Line 151: Class XtremeSuiteControls.PushButton of control PushButton2 was not a loaded control class.
Line 174: Class XtremeSuiteControls.PushButton of control PushButton1 was not a loaded control class.
Line 285: Class XtremeSuiteControls.GroupBox of control GroupBox3 was not a loaded control class.
Line 18: The property name Bindings in DataGrid1 is invalid.
Line 24: The property name _ExtentX in DataGrid1 is invalid.
Line 25: The property name _ExtentY in DataGrid1 is invalid.
Line 26: The property name _Version in DataGrid1 is invalid.
Line 27: The property name HeadLines in DataGrid1 is invalid.
Line 28: The property name RowHeight in DataGrid1 is invalid.
Line 37: The property name HeadFont in DataGrid1 is invalid.
Line 47: The property name ColumnCount in DataGrid1 is invalid.
Line 60: The property name Column00 in DataGrid1 is invalid.
Line 73: The property name Column01 in DataGrid1 is invalid.
Line 74: The property name SplitCount in DataGrid1 is invalid.
Line 80: The property name Split0 in DataGrid1 is invalid.
Line 87: The property name _ExtentX in Adodc1 is invalid.
Line 88: The property name _ExtentY in Adodc1 is invalid.
Line 89: The property name ConnectMode in Adodc1 is invalid.
Line 90: The property name CursorLocation in Adodc1 is invalid.
Line 91: The property name IsolationLevel in Adodc1 is invalid.
Line 92: The property name ConnectionTimeout in Adodc1 is invalid.
Line 93: The property name CommandTimeout in Adodc1 is invalid.
Line 94: The property name CursorType in Adodc1 is invalid.
Line 95: The property name LockType in Adodc1 is invalid.
Line 96: The property name CommandType in Adodc1 is invalid.
Line 97: The property name CursorOptions in Adodc1 is invalid.
Line 98: The property name CacheSize in Adodc1 is invalid.
Line 99: The property name MaxRecords in Adodc1 is invalid.
Line 100: The property name BOFAction in Adodc1 is invalid.
Line 101: The property name EOFAction in Adodc1 is invalid.
Line 102: The property name ConnectStringType in Adodc1 is invalid.
Line 106: The property name Orientation in Adodc1 is invalid.
Line 108: The property name Connect in Adodc1 is invalid.
Line 109: The property name OLEDBString in Adodc1 is invalid.
Line 110: The property name OLEDBFile in Adodc1 is invalid.
Line 111: The property name DataSourceName in Adodc1 is invalid.
Line 112: The property name OtherAttributes in Adodc1 is invalid.
Line 113: The property name UserName in Adodc1 is invalid.
Line 114: The property name Password in Adodc1 is invalid.
Line 115: The property name RecordSource in Adodc1 is invalid.
Line 116: The property name Caption in Adodc1 is invalid.
Line 126: The property name _Version in Adodc1 is invalid.
Line 134: The property name _Version in PushButton3 is invalid.
Line 135: The property name _ExtentX in PushButton3 is invalid.
Line 136: The property name _ExtentY in PushButton3 is invalid.
Line 137: The property name _StockProps in PushButton3 is invalid.
Line 138: The property name Caption in PushButton3 is invalid.
Line 149: The property name UseVisualStyle in PushButton3 is invalid.
Line 157: The property name _Version in PushButton2 is invalid.
Line 158: The property name _ExtentX in PushButton2 is invalid.
Line 159: The property name _ExtentY in PushButton2 is invalid.
Line 160: The property name _StockProps in PushButton2 is invalid.
Line 161: The property name Caption in PushButton2 is invalid.
Line 172: The property name UseVisualStyle in PushButton2 is invalid.
Line 180: The property name _Version in PushButton1 is invalid.
Line 181: The property name _ExtentX in PushButton1 is invalid.
Line 182: The property name _ExtentY in PushButton1 is invalid.
Line 183: The property name _StockProps in PushButton1 is invalid.
Line 184: The property name Caption in PushButton1 is invalid.
Line 195: The property name UseVisualStyle in PushButton1 is invalid.
Line 291: The property name _Version in GroupBox3 is invalid.
Line 292: The property name _ExtentX in GroupBox3 is invalid.
Line 293: The property name _ExtentY in GroupBox3 is invalid.
Line 294: The property name _StockProps in GroupBox3 is invalid.
Line 295: The property name Caption in GroupBox3 is invalid.
Line 306: The property name UseVisualStyle in GroupBox3 is invalid.
