Line 17: Class XtremeSuiteControls.WebBrowser of control WebBrowser1 was not a loaded control class.
Line 30: Class XtremeSuiteControls.GroupBox of control GroupBox1 was not a loaded control class.
Line 44: Class XtremeSuiteControls.TabControl of control TabControl1 was not a loaded control class.
Line 86: Class XtremeSuiteControls.ListView of control ListView1 was not a loaded control class.
Line 109: Class XtremeSuiteControls.GroupBox of control GroupBox5 was not a loaded control class.
Line 150: Class XtremeSuiteControls.PushButton of control PushButton4 was not a loaded control class.
Line 173: Class XtremeSuiteControls.PushButton of control PushButton3 was not a loaded control class.
Line 196: Class XtremeSuiteControls.PushButton of control PushButton2 was not a loaded control class.
Line 219: Class XtremeSuiteControls.GroupBox of control GroupBox4 was not a loaded control class.
Line 242: Class XtremeSuiteControls.ListView of control ListView2 was not a loaded control class.
Line 264: Class XtremeSuiteControls.PushButton of control PushButton7 was not a loaded control class.
Line 288: Class XtremeSuiteControls.PushButton of control PushButton6 was not a loaded control class.
Line 311: Class XtremeSuiteControls.PushButton of control PushButton5 was not a loaded control class.
Line 335: Class XtremeSuiteControls.FlatEdit of control FlatEdit5 was not a loaded control class.
Line 357: Class XtremeSuiteControls.FlatEdit of control FlatEdit3 was not a loaded control class.
Line 380: Class XtremeSuiteControls.FlatEdit of control FlatEdit4 was not a loaded control class.
Line 473: Class XtremeSuiteControls.PushButton of control PushButton1 was not a loaded control class.
Line 496: Class XtremeSuiteControls.GroupBox of control GroupBox3 was not a loaded control class.
Line 509: Class XtremeSuiteControls.FlatEdit of control FlatEdit1 was not a loaded control class.
Line 534: Class XtremeSuiteControls.FlatEdit of control FlatEdit2 was not a loaded control class.
Line 599: Class XtremeSuiteControls.GroupBox of control GroupBox2 was not a loaded control class.
Line 623: Class XtremeSuiteControls.FlatEdit of control Text2 was not a loaded control class.
Line 648: Class XtremeSuiteControls.FlatEdit of control Text4 was not a loaded control class.
Line 673: Class XtremeSuiteControls.FlatEdit of control Text5 was not a loaded control class.
Line 698: Class XtremeSuiteControls.FlatEdit of control Text1 was not a loaded control class.
Line 723: Class XtremeSuiteControls.FlatEdit of control Text3 was not a loaded control class.
Line 839: Class XtremeSuiteControls.ProgressBar of control ProgressBar1 was not a loaded control class.
Line 24: The property name _Version in WebBrowser1 is invalid.
Line 25: The property name _ExtentX in WebBrowser1 is invalid.
Line 26: The property name _ExtentY in WebBrowser1 is invalid.
Line 27: The property name _StockProps in WebBrowser1 is invalid.
Line 36: The property name _Version in GroupBox1 is invalid.
Line 37: The property name _ExtentX in GroupBox1 is invalid.
Line 38: The property name _ExtentY in GroupBox1 is invalid.
Line 39: The property name _StockProps in GroupBox1 is invalid.
Line 41: The property name UseVisualStyle in GroupBox1 is invalid.
Line 30: Property BorderStyle in GroupBox1 could not be set.
Line 50: The property name _Version in TabControl1 is invalid.
Line 51: The property name _ExtentX in TabControl1 is invalid.
Line 52: The property name _ExtentY in TabControl1 is invalid.
Line 53: The property name _StockProps in TabControl1 is invalid.
Line 63: The property name Color in TabControl1 is invalid.
Line 64: The property name PaintManager.BoldSelected in TabControl1 is invalid.
Line 65: The property name PaintManager.HotTracking in TabControl1 is invalid.
Line 66: The property name ItemCount in TabControl1 is invalid.
Line 67: The property name SelectedItem in TabControl1 is invalid.
Line 68: The property name Item(0).Caption in TabControl1 is invalid.
Line 69: The property name Item(0).ControlCount in TabControl1 is invalid.
Line 70: The property name Item(0).Control(0) in TabControl1 is invalid.
Line 71: The property name Item(0).Control(1) in TabControl1 is invalid.
Line 72: The property name Item(0).Control(2) in TabControl1 is invalid.
Line 73: The property name Item(1).Caption in TabControl1 is invalid.
Line 74: The property name Item(1).ControlCount in TabControl1 is invalid.
Line 75: The property name Item(1).Control(0) in TabControl1 is invalid.
Line 76: The property name Item(1).Control(1) in TabControl1 is invalid.
Line 77: The property name Item(1).Control(2) in TabControl1 is invalid.
Line 78: The property name Item(1).Control(3) in TabControl1 is invalid.
Line 79: The property name Item(1).Control(4) in TabControl1 is invalid.
Line 80: The property name Item(1).Control(5) in TabControl1 is invalid.
Line 81: The property name Item(1).Control(6) in TabControl1 is invalid.
Line 82: The property name Item(2).Caption in TabControl1 is invalid.
Line 83: The property name Item(2).ControlCount in TabControl1 is invalid.
Line 84: The property name Item(3).Caption in TabControl1 is invalid.
Line 85: The property name Item(3).ControlCount in TabControl1 is invalid.
Line 93: The property name _Version in ListView1 is invalid.
Line 94: The property name _ExtentX in ListView1 is invalid.
Line 95: The property name _ExtentY in ListView1 is invalid.
Line 96: The property name _StockProps in ListView1 is invalid.
Line 107: The property name View in ListView1 is invalid.
Line 115: The property name _Version in GroupBox5 is invalid.
Line 116: The property name _ExtentX in GroupBox5 is invalid.
Line 117: The property name _ExtentY in GroupBox5 is invalid.
Line 118: The property name _StockProps in GroupBox5 is invalid.
Line 119: The property name Caption in GroupBox5 is invalid.
Line 109: Property Appearance in GroupBox5 could not be set.
Line 156: The property name _Version in PushButton4 is invalid.
Line 157: The property name _ExtentX in PushButton4 is invalid.
Line 158: The property name _ExtentY in PushButton4 is invalid.
Line 159: The property name _StockProps in PushButton4 is invalid.
Line 160: The property name Caption in PushButton4 is invalid.
Line 171: The property name UseVisualStyle in PushButton4 is invalid.
Line 179: The property name _Version in PushButton3 is invalid.
Line 180: The property name _ExtentX in PushButton3 is invalid.
Line 181: The property name _ExtentY in PushButton3 is invalid.
Line 182: The property name _StockProps in PushButton3 is invalid.
Line 183: The property name Caption in PushButton3 is invalid.
Line 194: The property name UseVisualStyle in PushButton3 is invalid.
Line 202: The property name _Version in PushButton2 is invalid.
Line 203: The property name _ExtentX in PushButton2 is invalid.
Line 204: The property name _ExtentY in PushButton2 is invalid.
Line 205: The property name _StockProps in PushButton2 is invalid.
Line 206: The property name Caption in PushButton2 is invalid.
Line 217: The property name UseVisualStyle in PushButton2 is invalid.
Line 225: The property name _Version in GroupBox4 is invalid.
Line 226: The property name _ExtentX in GroupBox4 is invalid.
Line 227: The property name _ExtentY in GroupBox4 is invalid.
Line 228: The property name _StockProps in GroupBox4 is invalid.
Line 229: The property name Caption in GroupBox4 is invalid.
Line 241: The property name UseVisualStyle in GroupBox4 is invalid.
Line 248: The property name _Version in ListView2 is invalid.
Line 249: The property name _ExtentX in ListView2 is invalid.
Line 250: The property name _ExtentY in ListView2 is invalid.
Line 251: The property name _StockProps in ListView2 is invalid.
Line 262: The property name View in ListView2 is invalid.
Line 270: The property name _Version in PushButton7 is invalid.
Line 271: The property name _ExtentX in PushButton7 is invalid.
Line 272: The property name _ExtentY in PushButton7 is invalid.
Line 273: The property name _StockProps in PushButton7 is invalid.
Line 274: The property name Caption in PushButton7 is invalid.
Line 285: The property name UseVisualStyle in PushButton7 is invalid.
Line 286: The property name PushButtonStyle in PushButton7 is invalid.
Line 294: The property name _Version in PushButton6 is invalid.
Line 295: The property name _ExtentX in PushButton6 is invalid.
Line 296: The property name _ExtentY in PushButton6 is invalid.
Line 297: The property name _StockProps in PushButton6 is invalid.
Line 298: The property name Caption in PushButton6 is invalid.
Line 288: Property Appearance in PushButton6 could not be set.
Line 317: The property name _Version in PushButton5 is invalid.
Line 318: The property name _ExtentX in PushButton5 is invalid.
Line 319: The property name _ExtentY in PushButton5 is invalid.
Line 320: The property name _StockProps in PushButton5 is invalid.
Line 321: The property name Caption in PushButton5 is invalid.
Line 332: The property name UseVisualStyle in PushButton5 is invalid.
Line 333: The property name PushButtonStyle in PushButton5 is invalid.
Line 341: The property name _Version in FlatEdit5 is invalid.
Line 342: The property name _ExtentX in FlatEdit5 is invalid.
Line 343: The property name _ExtentY in FlatEdit5 is invalid.
Line 344: The property name _StockProps in FlatEdit5 is invalid.
Line 363: The property name _Version in FlatEdit3 is invalid.
Line 364: The property name _ExtentX in FlatEdit3 is invalid.
Line 365: The property name _ExtentY in FlatEdit3 is invalid.
Line 366: The property name _StockProps in FlatEdit3 is invalid.
Line 378: The property name Alignment in FlatEdit3 is invalid.
Line 386: The property name _Version in FlatEdit4 is invalid.
Line 387: The property name _ExtentX in FlatEdit4 is invalid.
Line 388: The property name _ExtentY in FlatEdit4 is invalid.
Line 389: The property name _StockProps in FlatEdit4 is invalid.
Line 401: The property name Alignment in FlatEdit4 is invalid.
Line 479: The property name _Version in PushButton1 is invalid.
Line 480: The property name _ExtentX in PushButton1 is invalid.
Line 481: The property name _ExtentY in PushButton1 is invalid.
Line 482: The property name _StockProps in PushButton1 is invalid.
Line 483: The property name Caption in PushButton1 is invalid.
Line 494: The property name UseVisualStyle in PushButton1 is invalid.
Line 503: The property name _Version in GroupBox3 is invalid.
Line 504: The property name _ExtentX in GroupBox3 is invalid.
Line 505: The property name _ExtentY in GroupBox3 is invalid.
Line 506: The property name _StockProps in GroupBox3 is invalid.
Line 508: The property name UseVisualStyle in GroupBox3 is invalid.
Line 515: The property name _Version in FlatEdit1 is invalid.
Line 516: The property name _ExtentX in FlatEdit1 is invalid.
Line 517: The property name _ExtentY in FlatEdit1 is invalid.
Line 518: The property name _StockProps in FlatEdit1 is invalid.
Line 530: The property name Alignment in FlatEdit1 is invalid.
Line 532: The property name UseVisualStyle in FlatEdit1 is invalid.
Line 509: Property Appearance in FlatEdit1 could not be set.
Line 540: The property name _Version in FlatEdit2 is invalid.
Line 541: The property name _ExtentX in FlatEdit2 is invalid.
Line 542: The property name _ExtentY in FlatEdit2 is invalid.
Line 543: The property name _StockProps in FlatEdit2 is invalid.
Line 555: The property name Alignment in FlatEdit2 is invalid.
Line 557: The property name UseVisualStyle in FlatEdit2 is invalid.
Line 534: Property Appearance in FlatEdit2 could not be set.
Line 606: The property name _Version in GroupBox2 is invalid.
Line 607: The property name _ExtentX in GroupBox2 is invalid.
Line 608: The property name _ExtentY in GroupBox2 is invalid.
Line 609: The property name _StockProps in GroupBox2 is invalid.
Line 610: The property name Caption in GroupBox2 is invalid.
Line 622: The property name UseVisualStyle in GroupBox2 is invalid.
Line 629: The property name _Version in Text2 is invalid.
Line 630: The property name _ExtentX in Text2 is invalid.
Line 631: The property name _ExtentY in Text2 is invalid.
Line 632: The property name _StockProps in Text2 is invalid.
Line 644: The property name Alignment in Text2 is invalid.
Line 646: The property name UseVisualStyle in Text2 is invalid.
Line 623: Property Appearance in Text2 could not be set.
Line 654: The property name _Version in Text4 is invalid.
Line 655: The property name _ExtentX in Text4 is invalid.
Line 656: The property name _ExtentY in Text4 is invalid.
Line 657: The property name _StockProps in Text4 is invalid.
Line 669: The property name Alignment in Text4 is invalid.
Line 671: The property name UseVisualStyle in Text4 is invalid.
Line 648: Property Appearance in Text4 could not be set.
Line 679: The property name _Version in Text5 is invalid.
Line 680: The property name _ExtentX in Text5 is invalid.
Line 681: The property name _ExtentY in Text5 is invalid.
Line 682: The property name _StockProps in Text5 is invalid.
Line 694: The property name Alignment in Text5 is invalid.
Line 696: The property name UseVisualStyle in Text5 is invalid.
Line 673: Property Appearance in Text5 could not be set.
Line 704: The property name _Version in Text1 is invalid.
Line 705: The property name _ExtentX in Text1 is invalid.
Line 706: The property name _ExtentY in Text1 is invalid.
Line 707: The property name _StockProps in Text1 is invalid.
Line 719: The property name Alignment in Text1 is invalid.
Line 721: The property name UseVisualStyle in Text1 is invalid.
Line 698: Property Appearance in Text1 could not be set.
Line 729: The property name _Version in Text3 is invalid.
Line 730: The property name _ExtentX in Text3 is invalid.
Line 731: The property name _ExtentY in Text3 is invalid.
Line 732: The property name _StockProps in Text3 is invalid.
Line 744: The property name Alignment in Text3 is invalid.
Line 746: The property name UseVisualStyle in Text3 is invalid.
Line 723: Property Appearance in Text3 could not be set.
Line 845: The property name _Version in ProgressBar1 is invalid.
Line 846: The property name _ExtentX in ProgressBar1 is invalid.
Line 847: The property name _ExtentY in ProgressBar1 is invalid.
Line 848: The property name _StockProps in ProgressBar1 is invalid.
Line 850: The property name UseVisualStyle in ProgressBar1 is invalid.
Line 839: Property Appearance in ProgressBar1 could not be set.
